LoanCalculator/build/outputs/logs/manifest-merger-debug-report.txt
-- Merging decision tree log ---
manifest
ADDED from src\main\AndroidManifest.xml:2:1-18:12
	package
		ADDED from src\main\AndroidManifest.xml:3:11-33
		INJECTED from src\main\AndroidManifest.xml
		INJECTED from src\main\AndroidManifest.xml
	android:versionName
		ADDED from src\main\AndroidManifest.xml:4:36-63
		INJECTED from src\main\AndroidManifest.xml
		INJECTED from src\main\AndroidManifest.xml
	android:versionCode
		ADDED from src\main\AndroidManifest.xml:4:11-35
		INJECTED from src\main\AndroidManifest.xml
		INJECTED from src\main\AndroidManifest.xml
	xmlns:android
		ADDED from src\main\AndroidManifest.xml:2:11-69
	android:installLocation
		ADDED from src\main\AndroidManifest.xml:4:64-94
application
ADDED from src\main\AndroidManifest.xml:5:5-13:19
	android:label
		ADDED from src\main\AndroidManifest.xml:5:48-80
	android:icon
		ADDED from src\main\AndroidManifest.xml:5:18-47
	android:description
		ADDED from src\main\AndroidManifest.xml:5:81-119
activity#com.nbu.loan.MainActivity
ADDED from src\main\AndroidManifest.xml:6:9-11:20
	android:label
		ADDED from src\main\AndroidManifest.xml:6:48-80
	android:configChanges
		ADDED from src\main\AndroidManifest.xml:6:81-140
	android:name
		ADDED from src\main\AndroidManifest.xml:6:19-47
intent-filter#android.intent.action.MAIN+android.intent.category.LAUNCHER
ADDED from src\main\AndroidManifest.xml:7:13-10:29
action#android.intent.action.MAIN
ADDED from src\main\AndroidManifest.xml:8:17-68
	android:name
		ADDED from src\main\AndroidManifest.xml:8:25-66
category#android.intent.category.LAUNCHER
ADDED from src\main\AndroidManifest.xml:9:17-76
	android:name
		ADDED from src\main\AndroidManifest.xml:9:27-74
activity#com.nbu.loan.TypeHelpActivity
ADDED from src\main\AndroidManifest.xml:12:9-134
	android:label
		ADDED from src\main\AndroidManifest.xml:12:52-87
	android:theme
		ADDED from src\main\AndroidManifest.xml:12:89-132
	android:name
		ADDED from src\main\AndroidManifest.xml:12:19-51
uses-sdk
ADDED from src\main\AndroidManifest.xml:14:5-72
	android:targetSdkVersion
		ADDED from src\main\AndroidManifest.xml:14:41-70
		INJECTED from src\main\AndroidManifest.xml
		INJECTED from src\main\AndroidManifest.xml
	android:minSdkVersion
		ADDED from src\main\AndroidManifest.xml:14:15-40
		INJECTED from src\main\AndroidManifest.xml
		INJECTED from src\main\AndroidManifest.xml
supports-screens
ADDED from src\main\AndroidManifest.xml:15:5-76
	android:resizeable
		ADDED from src\main\AndroidManifest.xml:15:49-74
	android:anyDensity
		ADDED from src\main\AndroidManifest.xml:15:23-48
uses-permission#android.permission.WRITE_EXTERNAL_STORAGE
ADDED from src\main\AndroidManifest.xml:16:5-81
	android:name
		ADDED from src\main\AndroidManifest.xml:16:22-78